[debug] [2023-02-25T18:56:25.184Z] ----------------------------------------------------------------------
[debug] [2023-02-25T18:56:25.187Z] Command:       /home/fernando/.nvm/versions/node/v19.7.0/bin/node /usr/local/bin/firebase init hosting
[debug] [2023-02-25T18:56:25.187Z] CLI Version:   11.24.0
[debug] [2023-02-25T18:56:25.188Z] Platform:      linux
[debug] [2023-02-25T18:56:25.188Z] Node Version:  v19.7.0
[debug] [2023-02-25T18:56:25.188Z] Time:          Sat Feb 25 2023 15:56:25 GMT-0300 (Brasilia Standard Time)
[debug] [2023-02-25T18:56:25.188Z] ----------------------------------------------------------------------
[debug] 
[debug] [2023-02-25T18:56:25.226Z] > command requires scopes: ["email","openid","https://www.googleapis.com/auth/cloudplatformprojects.readonly","https://www.googleapis.com/auth/firebase","https://www.googleapis.com/auth/cloud-platform"]
[debug] [2023-02-25T18:56:25.227Z] > authorizing via signed-in user (fparmezani@gmail.com)
[info] 
     ######## #### ########  ######## ########     ###     ######  ########
     ##        ##  ##     ## ##       ##     ##  ##   ##  ##       ##
     ######    ##  ########  ######   ########  #########  ######  ######
     ##        ##  ##    ##  ##       ##     ## ##     ##       ## ##
     ##       #### ##     ## ######## ########  ##     ##  ######  ########

You're about to initialize a Firebase project in this directory:

  /home/fernando

Before we get started, keep in mind:

  * You are initializing within an existing Firebase project directory

[info] 
=== Project Setup
[info] 
[info] First, let's associate this project directory with a Firebase project.
[info] You can create multiple project aliases by running firebase use --add, 
[info] but for now we'll just set up a default project.
[info] 
[debug] [2023-02-25T18:56:25.229Z] Using project from CLI flag: requisicoes-app-501e7
[debug] [2023-02-25T18:56:25.230Z] >>> [apiv2][query] GET https://firebase.googleapis.com/v1beta1/projects/requisicoes-app-501e7 [none]
[debug] [2023-02-25T18:56:25.684Z] <<< [apiv2][status] GET https://firebase.googleapis.com/v1beta1/projects/requisicoes-app-501e7 200
[debug] [2023-02-25T18:56:25.684Z] <<< [apiv2][body] GET https://firebase.googleapis.com/v1beta1/projects/requisicoes-app-501e7 {"projectId":"requisicoes-app-501e7","projectNumber":"264200006067","displayName":"requisicoes-app","name":"projects/requisicoes-app-501e7","resources":{"hostingSite":"requisicoes-app-501e7","storageBucket":"requisicoes-app-501e7.appspot.com","locationId":"us-central"},"state":"ACTIVE","etag":"1_353e125a-49db-4f40-aff4-da93ea6e32f3"}
[info] i  Using project requisicoes-app-501e7 (requisicoes-app) 
[info] 
=== Hosting Setup
[info] 
[info] Your public directory is the folder (relative to your project directory) that
[info] will contain Hosting assets to be uploaded with firebase deploy. If you
[info] have a build process for your assets, use your build's output directory.
[info] 
[debug] [2023-02-25T18:57:26.010Z] ----------------------------------------------------------------------
[debug] [2023-02-25T18:57:26.011Z] Command:       /home/fernando/.nvm/versions/node/v19.7.0/bin/node /usr/local/bin/firebase init hosting
[debug] [2023-02-25T18:57:26.011Z] CLI Version:   11.24.0
[debug] [2023-02-25T18:57:26.011Z] Platform:      linux
[debug] [2023-02-25T18:57:26.011Z] Node Version:  v19.7.0
[debug] [2023-02-25T18:57:26.011Z] Time:          Sat Feb 25 2023 15:57:26 GMT-0300 (Brasilia Standard Time)
[debug] [2023-02-25T18:57:26.011Z] ----------------------------------------------------------------------
[debug] 
[debug] [2023-02-25T18:57:26.050Z] > command requires scopes: ["email","openid","https://www.googleapis.com/auth/cloudplatformprojects.readonly","https://www.googleapis.com/auth/firebase","https://www.googleapis.com/auth/cloud-platform"]
[debug] [2023-02-25T18:57:26.050Z] > authorizing via signed-in user (fparmezani@gmail.com)
[info] 
     ######## #### ########  ######## ########     ###     ######  ########
     ##        ##  ##     ## ##       ##     ##  ##   ##  ##       ##
     ######    ##  ########  ######   ########  #########  ######  ######
     ##        ##  ##    ##  ##       ##     ## ##     ##       ## ##
     ##       #### ##     ## ######## ########  ##     ##  ######  ########

You're about to initialize a Firebase project in this directory:

  /home/fernando

Before we get started, keep in mind:

  * You are initializing within an existing Firebase project directory

[info] 
=== Project Setup
[info] 
[info] First, let's associate this project directory with a Firebase project.
[info] You can create multiple project aliases by running firebase use --add, 
[info] but for now we'll just set up a default project.
[info] 
[debug] [2023-02-25T18:57:26.052Z] Using project from CLI flag: requisicoes-app-501e7
[debug] [2023-02-25T18:57:26.053Z] >>> [apiv2][query] GET https://firebase.googleapis.com/v1beta1/projects/requisicoes-app-501e7 [none]
[debug] [2023-02-25T18:57:26.509Z] <<< [apiv2][status] GET https://firebase.googleapis.com/v1beta1/projects/requisicoes-app-501e7 200
[debug] [2023-02-25T18:57:26.509Z] <<< [apiv2][body] GET https://firebase.googleapis.com/v1beta1/projects/requisicoes-app-501e7 {"projectId":"requisicoes-app-501e7","projectNumber":"264200006067","displayName":"requisicoes-app","name":"projects/requisicoes-app-501e7","resources":{"hostingSite":"requisicoes-app-501e7","storageBucket":"requisicoes-app-501e7.appspot.com","locationId":"us-central"},"state":"ACTIVE","etag":"1_353e125a-49db-4f40-aff4-da93ea6e32f3"}
[info] i  Using project requisicoes-app-501e7 (requisicoes-app) 
[info] 
=== Hosting Setup
[info] 
[info] Your public directory is the folder (relative to your project directory) that
[info] will contain Hosting assets to be uploaded with firebase deploy. If you
[info] have a build process for your assets, use your build's output directory.
[info] 
[debug] [2023-02-25T18:57:51.077Z] >>> [apiv2][query] GET https://www.gstatic.com/firebasejs/releases.json [none]
[debug] [2023-02-25T18:57:51.187Z] <<< [apiv2][status] GET https://www.gstatic.com/firebasejs/releases.json 200
[debug] [2023-02-25T18:57:51.187Z] <<< [apiv2][body] GET https://www.gstatic.com/firebasejs/releases.json {"current":{"version":"9.17.1","browserURL":"https://www.gstatic.com/firebasejs/9.17.1/firebase.js","packageURL":"https://www.gstatic.com/firebasejs/9.17.1/firebase.tgz"},"live":{"version":"9.17","browserURL":"https://www.gstatic.com/firebasejs/live/9.17/firebase.js","packageURL":"https://www.gstatic.com/firebasejs/live/9.17/firebase.tgz"},"components":{"analytics":"https://www.gstatic.com/firebasejs/9.17.1/firebase-analytics.js","app":"https://www.gstatic.com/firebasejs/9.17.1/firebase-app.js","app-check":"https://www.gstatic.com/firebasejs/9.17.1/firebase-app-check.js","auth":"https://www.gstatic.com/firebasejs/9.17.1/firebase-auth.js","auth/cordova":"https://www.gstatic.com/firebasejs/9.17.1/firebase-auth/cordova.js","auth/react-native":"https://www.gstatic.com/firebasejs/9.17.1/firebase-auth/react-native.js","functions":"https://www.gstatic.com/firebasejs/9.17.1/firebase-functions.js","firestore":"https://www.gstatic.com/firebasejs/9.17.1/firebase-firestore.js","firestore/lite":"https://www.gstatic.com/firebasejs/9.17.1/firebase-firestore/lite.js","installations":"https://www.gstatic.com/firebasejs/9.17.1/firebase-installations.js","storage":"https://www.gstatic.com/firebasejs/9.17.1/firebase-storage.js","performance":"https://www.gstatic.com/firebasejs/9.17.1/firebase-performance.js","remote-config":"https://www.gstatic.com/firebasejs/9.17.1/firebase-remote-config.js","messaging":"https://www.gstatic.com/firebasejs/9.17.1/firebase-messaging.js","messaging/sw":"https://www.gstatic.com/firebasejs/9.17.1/firebase-messaging/sw.js","database":"https://www.gstatic.com/firebasejs/9.17.1/firebase-database.js","firestore.memory":"https://www.gstatic.com/firebasejs/9.17.1/firebase-firestore.memory.js"}}
[info] ✔  Wrote dist/requisicoes-app/index.html 
[info] 
[info] i  Detected a .git folder at /home/fernando/projetos/fetes/angular/requisicoes-app 
[info] i  Authorizing with GitHub to upload your service account to a GitHub repository's secrets store. 
[info] 
[info] Visit this URL on this device to log in:
[info] https://github.com/login/oauth/authorize?client_id=89cf50f02ac6aaed3484&state=507013609&redirect_uri=http%3A%2F%2Flocalhost%3A9005&scope=read%3Auser%20repo%20public_repo
[info] 
[info] Waiting for authentication...
[debug] [2023-02-25T18:58:05.884Z] >>> [apiv2][query] POST https://github.com/login/oauth/access_token [none]
[debug] [2023-02-25T18:58:05.885Z] >>> [apiv2][body] POST https://github.com/login/oauth/access_token [stream]
[debug] [2023-02-25T18:58:06.199Z] <<< [apiv2][status] POST https://github.com/login/oauth/access_token 200
[debug] [2023-02-25T18:58:06.199Z] <<< [apiv2][body] POST https://github.com/login/oauth/access_token {"access_token":"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","token_type":"bearer","scope":"read:user,repo"}
[debug] [2023-02-25T18:58:06.205Z] >>> [apiv2][query] GET https://api.github.com/user [none]
[debug] [2023-02-25T18:58:06.492Z] <<< [apiv2][status] GET https://api.github.com/user 200
[debug] [2023-02-25T18:58:06.492Z] <<< [apiv2][body] GET https://api.github.com/user {"login":"fparmezani","id":1431177,"node_id":"MDQ6VXNlcjE0MzExNzc=","avatar_url":"https://avatars.githubusercontent.com/u/1431177?v=4","gravatar_id":"","url":"https://api.github.com/users/fparmezani","html_url":"https://github.com/fparmezani","followers_url":"https://api.github.com/users/fparmezani/followers","following_url":"https://api.github.com/users/fparmezani/following{/other_user}","gists_url":"https://api.github.com/users/fparmezani/gists{/gist_id}","starred_url":"https://api.github.com/users/fparmezani/starred{/owner}{/repo}","subscriptions_url":"https://api.github.com/users/fparmezani/subscriptions","organizations_url":"https://api.github.com/users/fparmezani/orgs","repos_url":"https://api.github.com/users/fparmezani/repos","events_url":"https://api.github.com/users/fparmezani/events{/privacy}","received_events_url":"https://api.github.com/users/fparmezani/received_events","type":"User","site_admin":false,"name":"Fernando Parmezani","company":"Parmezani","blog":"https://parmezani.net","location":"Brasil","email":"fparmezani@hotmail.com","hireable":null,"bio":"Developer, passionate about technology and teaching","twitter_username":null,"public_repos":32,"public_gists":7,"followers":1,"following":1,"created_at":"2012-02-12T16:58:54Z","updated_at":"2023-02-04T20:40:32Z","private_gists":0,"total_private_repos":2,"owned_private_repos":2,"disk_usage":90948,"collaborators":0,"two_factor_authentication":false,"plan":{"name":"free","space":976562499,"collaborators":0,"private_repos":10000}}
[info] 
[info] ✔  Success! Logged into GitHub as fparmezani 
[info] 
[debug] [2023-02-25T18:58:32.856Z] >>> [apiv2][query] GET https://api.github.com/repos//actions/secrets/public-key type=owner
[debug] [2023-02-25T18:58:33.094Z] <<< [apiv2][status] GET https://api.github.com/repos//actions/secrets/public-key 404
[debug] [2023-02-25T18:58:33.094Z] <<< [apiv2][body] GET https://api.github.com/repos//actions/secrets/public-key {"message":"Not Found","documentation_url":"https://docs.github.com/rest"}
[debug] [2023-02-25T18:58:53.025Z] >>> [apiv2][query] GET https://api.github.com/repos/fparmezani/requisicoes-app/actions/secrets/public-key type=owner
[debug] [2023-02-25T18:58:53.269Z] <<< [apiv2][status] GET https://api.github.com/repos/fparmezani/requisicoes-app/actions/secrets/public-key 404
[debug] [2023-02-25T18:58:53.269Z] <<< [apiv2][body] GET https://api.github.com/repos/fparmezani/requisicoes-app/actions/secrets/public-key {"message":"Not Found","documentation_url":"https://docs.github.com/rest/reference/actions#get-a-repository-public-key"}
[debug] [2023-02-25T18:58:59.002Z] >>> [apiv2][query] GET https://api.github.com/repos/fparmezani/requisicoes-app/actions/secrets/public-key type=owner
[debug] [2023-02-25T18:58:59.376Z] <<< [apiv2][status] GET https://api.github.com/repos/fparmezani/requisicoes-app/actions/secrets/public-key 404
[debug] [2023-02-25T18:58:59.376Z] <<< [apiv2][body] GET https://api.github.com/repos/fparmezani/requisicoes-app/actions/secrets/public-key {"message":"Not Found","documentation_url":"https://docs.github.com/rest/reference/actions#get-a-repository-public-key"}
